\BOOKMARK [0][-]{chapter.1}{Introduction}{}% 1
\BOOKMARK [1][-]{section.1.1}{Introduction}{chapter.1}% 2
\BOOKMARK [2][-]{subsection.1.1.1}{Background}{section.1.1}% 3
\BOOKMARK [0][-]{chapter.2}{Theory}{}% 4
\BOOKMARK [1][-]{section.2.1}{Fluid Dynamics}{chapter.2}% 5
\BOOKMARK [2][-]{subsection.2.1.1}{Navier Stokes}{section.2.1}% 6
\BOOKMARK [2][-]{subsection.2.1.2}{Reynold's Number}{section.2.1}% 7
\BOOKMARK [2][-]{subsection.2.1.3}{Stokes Drag and Stokes's law}{section.2.1}% 8
\BOOKMARK [1][-]{section.2.2}{Euler Angles and our Coordinate System}{chapter.2}% 9
\BOOKMARK [1][-]{section.2.3}{Jeffrey Orbits}{chapter.2}% 10
\BOOKMARK [2][-]{subsection.2.3.1}{Winding Number}{section.2.3}% 11
\BOOKMARK [0][-]{chapter.3}{Method}{}% 12
\BOOKMARK [-1][-]{part.1}{I Improvements of Experimental Setup}{}% 13
\BOOKMARK [0][-]{section.3.1}{Improvements}{part.1}% 14
\BOOKMARK [1][-]{subsection.3.1.1}{Particles and Channel}{section.3.1}% 15
\BOOKMARK [2][-]{subsection.3.1.2}{Automated Tracking}{subsection.3.1.1}% 16
\BOOKMARK [1][-]{section.3.2}{Experimental Setup}{section.3.1}% 17
\BOOKMARK [2][-]{subsection.3.2.1}{Density matching}{section.3.2}% 18
\BOOKMARK [-1][-]{part.2}{II Measurements and Analysis}{}% 19
\BOOKMARK [0][-]{section.3.3}{Data Analysis}{part.2}% 20
\BOOKMARK [1][-]{subsection.3.3.1}{Particle identification}{section.3.3}% 21
\BOOKMARK [2][-]{subsection.3.3.2}{Estimation of orientation}{subsection.3.3.1}% 22
\BOOKMARK [2][-]{subsection.3.3.3}{Width compensation}{subsection.3.3.1}% 23
\BOOKMARK [2][-]{subsection.3.3.4}{brushing}{subsection.3.3.1}% 24
\BOOKMARK [0][-]{chapter.4}{Results}{part.2}% 25
\BOOKMARK [0][-]{chapter.5}{Discussion}{part.2}% 26
\BOOKMARK [0][-]{appendix.A}{Raw data}{part.2}% 27
